2017/09/01 08:34:06 [I] Log Mode: File(Info)
2017/09/01 08:34:06 [I] XORM Log Mode: File(Info)
2017/09/01 08:34:06 [I] Cache Service Enabled
2017/09/01 08:34:06 [I] Session Service Enabled
2017/09/01 08:34:06 [I] Git Version: 2.9.3
2017/09/01 08:34:07 [I] SQLite3 Supported
2017/09/01 08:34:07 [I] Run Mode: Production
2017/09/01 08:34:07 [I] First-time run install finished!
2017/09/01 08:34:27 [I] New random avatar created: 2
2017/09/01 08:36:13 [...routers/repo/http.go:166 HTTP()] [E] invalid credentials
2017/09/01 08:38:48 [I] Log Mode: File(Info)
2017/09/01 08:38:48 [I] XORM Log Mode: File(Info)
2017/09/01 08:38:48 [I] Cache Service Enabled
2017/09/01 08:38:48 [I] Session Service Enabled
2017/09/01 08:38:48 [I] Git Version: 2.9.3
2017/09/01 08:38:49 [I] SQLite3 Supported
2017/09/01 08:38:49 [I] Run Mode: Production
2017/09/01 08:38:49 [I] Listen: http://0.0.0.0:3000
2017/09/01 08:39:09 [I] Log Mode: File(Info)
2017/09/01 08:39:09 [I] XORM Log Mode: File(Info)
2017/09/01 08:39:09 [I] Cache Service Enabled
2017/09/01 08:39:09 [I] Session Service Enabled
2017/09/01 08:39:09 [I] Git Version: 2.9.3
2017/09/01 08:39:09 [I] SQLite3 Supported
2017/09/01 08:39:09 [I] Run Mode: Production
2017/09/01 08:39:09 [I] Listen: http://0.0.0.0:3000
2017/09/01 09:16:32 [I] Log Mode: File(Info)
2017/09/01 09:16:32 [I] XORM Log Mode: File(Info)
2017/09/01 09:16:32 [I] Cache Service Enabled
2017/09/01 09:16:32 [I] Session Service Enabled
2017/09/01 09:16:32 [I] Git Version: 2.9.3
2017/09/01 09:16:32 [I] SQLite3 Supported
2017/09/01 09:16:32 [I] Run Mode: Production
2017/09/01 09:16:32 [I] Listen: http://0.0.0.0:3000
2017/09/01 09:28:41 [I] Log Mode: File(Info)
2017/09/01 09:28:41 [I] XORM Log Mode: File(Info)
2017/09/01 09:28:41 [I] Cache Service Enabled
2017/09/01 09:28:41 [I] Session Service Enabled
2017/09/01 09:28:41 [I] Git Version: 2.9.3
2017/09/01 09:28:41 [I] SQLite3 Supported
2017/09/01 09:28:41 [I] Run Mode: Production
2017/09/01 09:28:41 [I] Listen: http://0.0.0.0:3000
2017/09/01 09:38:59 [I] Log Mode: File(Info)
2017/09/01 09:38:59 [I] XORM Log Mode: File(Info)
2017/09/01 09:38:59 [I] Cache Service Enabled
2017/09/01 09:38:59 [I] Session Service Enabled
2017/09/01 09:38:59 [I] Git Version: 2.9.3
2017/09/01 09:38:59 [I] SQLite3 Supported
2017/09/01 09:38:59 [I] Run Mode: Production
2017/09/01 09:38:59 [I] Listen: http://0.0.0.0:3000
2017/09/01 09:50:10 [I] Log Mode: File(Info)
2017/09/01 09:50:10 [I] XORM Log Mode: File(Info)
2017/09/01 09:50:10 [I] Cache Service Enabled
2017/09/01 09:50:10 [I] Session Service Enabled
2017/09/01 09:50:10 [I] Git Version: 2.9.3
2017/09/01 09:50:10 [I] SQLite3 Supported
2017/09/01 09:50:10 [I] Run Mode: Production
2017/09/01 09:50:10 [I] Listen: http://0.0.0.0:3000
2017/09/01 09:50:49 [I] Log Mode: File(Info)
2017/09/01 09:50:49 [I] XORM Log Mode: File(Info)
2017/09/01 09:50:49 [I] Cache Service Enabled
2017/09/01 09:50:49 [I] Session Service Enabled
2017/09/01 09:50:49 [I] Git Version: 2.9.3
2017/09/01 09:50:50 [I] SQLite3 Supported
2017/09/01 09:50:50 [I] Run Mode: Production
2017/09/01 09:50:50 [I] Listen: http://0.0.0.0:3000
2017/09/01 09:51:41 [I] Log Mode: File(Info)
2017/09/01 09:51:41 [I] XORM Log Mode: File(Info)
2017/09/01 09:51:41 [I] Cache Service Enabled
2017/09/01 09:51:41 [I] Session Service Enabled
2017/09/01 09:51:41 [I] Git Version: 2.9.3
2017/09/01 09:51:41 [I] SQLite3 Supported
2017/09/01 09:51:41 [I] Run Mode: Production
2017/09/01 09:51:41 [I] Listen: http://0.0.0.0:3000
2017/09/01 09:54:29 [I] Log Mode: File(Info)
2017/09/01 09:54:29 [I] XORM Log Mode: File(Info)
2017/09/01 09:54:29 [I] Cache Service Enabled
2017/09/01 09:54:29 [I] Session Service Enabled
2017/09/01 09:54:29 [I] Git Version: 2.9.3
2017/09/01 09:54:29 [I] SQLite3 Supported
2017/09/01 09:54:29 [I] Run Mode: Production
2017/09/01 09:54:29 [I] Listen: http://0.0.0.0:3000
2017/09/01 12:12:59 [I] Log Mode: File(Info)
2017/09/01 12:12:59 [I] XORM Log Mode: File(Info)
2017/09/01 12:12:59 [I] Cache Service Enabled
2017/09/01 12:12:59 [I] Session Service Enabled
2017/09/01 12:12:59 [I] Git Version: 2.9.3
2017/09/01 12:27:55 [I] SQLite3 Supported
2017/09/01 12:27:55 [I] Run Mode: Production
2017/09/01 12:27:55 [I] Listen: http://0.0.0.0:3000
2017/09/01 12:28:25 [I] Log Mode: File(Info)
2017/09/01 12:28:25 [I] XORM Log Mode: File(Info)
2017/09/01 12:28:25 [I] Cache Service Enabled
2017/09/01 12:28:25 [I] Session Service Enabled
2017/09/01 12:28:25 [I] Git Version: 2.9.3
2017/09/01 14:15:32 [I] Log Mode: File(Info)
2017/09/01 14:15:32 [I] XORM Log Mode: File(Info)
2017/09/01 14:15:32 [I] Cache Service Enabled
2017/09/01 14:15:32 [I] Session Service Enabled
2017/09/01 14:15:32 [I] Git Version: 2.9.3
2017/09/01 14:52:39 [...modules/auth/auth.go:86 SignedInUser()] [E] GetAccessTokenBySHA: access token does not exist [sha: authocheck]
2017/09/01 14:52:45 [...modules/auth/auth.go:86 SignedInUser()] [E] GetAccessTokenBySHA: access token does not exist [sha: 1]
2017/09/01 14:52:58 [...modules/auth/auth.go:86 SignedInUser()] [E] GetAccessTokenBySHA: access token does not exist [sha: authocheck]
2017/09/01 14:59:52 [...modules/auth/auth.go:86 SignedInUser()] [E] GetAccessTokenBySHA: access token does not exist [sha: LMoxhay]
2017/09/01 16:22:00 [...modules/auth/auth.go:86 SignedInUser()] [E] GetAccessTokenBySHA: access token does not exist [sha: example]
2017/09/01 16:22:02 [...modules/auth/auth.go:86 SignedInUser()] [E] GetAccessTokenBySHA: access token does not exist [sha: example]
2017/09/01 16:22:21 [...modules/auth/auth.go:86 SignedInUser()] [E] GetAccessTokenBySHA: access token does not exist [sha: example]
2017/09/01 17:18:19 [I] SQLite3 Supported
2017/09/01 17:18:19 [I] Run Mode: Production
2017/09/01 17:18:19 [I] Listen: http://0.0.0.0:3000
2017/09/04 16:00:05 [I] Log Mode: File(Info)
2017/09/04 16:00:05 [I] XORM Log Mode: File(Info)
2017/09/04 16:00:05 [I] Cache Service Enabled
2017/09/04 16:00:05 [I] Session Service Enabled
2017/09/04 16:00:05 [I] Git Version: 2.9.3
2017/09/04 16:00:05 [I] SQLite3 Supported
2017/09/04 16:00:05 [I] Run Mode: Production
2017/09/04 16:00:05 [I] Listen: http://0.0.0.0:3000
2017/09/04 16:03:04 [I] Log Mode: File(Info)
2017/09/04 16:03:04 [I] XORM Log Mode: File(Info)
2017/09/04 16:03:04 [I] Cache Service Enabled
2017/09/04 16:03:04 [I] Session Service Enabled
2017/09/04 16:03:04 [I] Git Version: 2.9.3
2017/09/04 16:03:05 [I] SQLite3 Supported
2017/09/04 16:03:05 [I] Run Mode: Production
2017/09/04 16:03:05 [I] Listen: http://0.0.0.0:3000
2017/09/04 16:04:24 [I] Log Mode: File(Info)
2017/09/04 16:04:24 [I] XORM Log Mode: File(Info)
2017/09/04 16:04:24 [I] Cache Service Enabled
2017/09/04 16:04:24 [I] Session Service Enabled
2017/09/04 16:04:24 [I] Git Version: 2.9.3
2017/09/04 16:04:24 [I] SQLite3 Supported
2017/09/04 16:04:24 [I] Run Mode: Production
2017/09/04 16:04:24 [I] Listen: http://0.0.0.0:3000
2017/09/04 16:06:40 [I] Log Mode: File(Info)
2017/09/04 16:06:40 [I] XORM Log Mode: File(Info)
2017/09/04 16:06:40 [I] Cache Service Enabled
2017/09/04 16:06:40 [I] Session Service Enabled
2017/09/04 16:06:40 [I] Git Version: 2.9.3
2017/09/04 16:06:40 [I] SQLite3 Supported
2017/09/04 16:06:40 [I] Run Mode: Production
2017/09/04 16:06:40 [I] Listen: http://0.0.0.0:3000
2017/09/04 16:19:31 [I] Log Mode: File(Info)
2017/09/04 16:19:31 [I] XORM Log Mode: File(Info)
2017/09/04 16:19:31 [I] Cache Service Enabled
2017/09/04 16:19:31 [I] Session Service Enabled
2017/09/04 16:19:31 [I] Git Version: 2.9.3
2017/09/04 16:19:31 [I] SQLite3 Supported
2017/09/04 16:19:31 [I] Run Mode: Production
2017/09/04 16:19:31 [I] Listen: http://0.0.0.0:3000
2017/09/04 16:28:57 [I] Log Mode: File(Info)
2017/09/04 16:28:57 [I] XORM Log Mode: File(Info)
2017/09/04 16:28:57 [I] Cache Service Enabled
2017/09/04 16:28:57 [I] Session Service Enabled
2017/09/04 16:28:57 [I] Git Version: 2.9.3
2017/09/04 16:28:58 [I] SQLite3 Supported
2017/09/04 16:28:58 [I] Run Mode: Production
2017/09/04 16:28:58 [I] Listen: http://0.0.0.0:3000
2017/09/04 16:39:16 [I] Log Mode: File(Info)
2017/09/04 16:39:16 [I] XORM Log Mode: File(Info)
2017/09/04 16:39:16 [I] Cache Service Enabled
2017/09/04 16:39:16 [I] Session Service Enabled
2017/09/04 16:39:16 [I] Git Version: 2.9.3
2017/09/04 16:39:16 [I] SQLite3 Supported
2017/09/04 16:39:16 [I] Run Mode: Production
2017/09/04 16:39:41 [I] Log Mode: File(Info)
2017/09/04 16:39:41 [I] XORM Log Mode: File(Info)
2017/09/04 16:39:41 [I] Cache Service Enabled
2017/09/04 16:39:41 [I] Session Service Enabled
2017/09/04 16:39:41 [I] Git Version: 2.9.3
2017/09/04 16:39:41 [I] SQLite3 Supported
2017/09/04 16:39:41 [I] Run Mode: Production
2017/09/04 16:40:03 [I] Log Mode: File(Info)
2017/09/04 16:40:03 [I] XORM Log Mode: File(Info)
2017/09/04 16:40:03 [I] Cache Service Enabled
2017/09/04 16:40:03 [I] Session Service Enabled
2017/09/04 16:40:03 [I] Git Version: 2.9.3
2017/09/04 16:40:03 [I] SQLite3 Supported
2017/09/04 16:40:03 [I] Run Mode: Production
2017/09/04 16:40:03 [I] Listen: http://0.0.0.0:3000
2017/09/04 16:41:37 [I] Log Mode: File(Info)
2017/09/04 16:41:37 [I] XORM Log Mode: File(Info)
2017/09/04 16:41:37 [I] Cache Service Enabled
2017/09/04 16:41:37 [I] Session Service Enabled
2017/09/04 16:41:37 [I] Git Version: 2.9.3
2017/09/04 16:41:37 [I] SQLite3 Supported
2017/09/04 16:41:37 [I] Run Mode: Production
2017/09/04 16:41:37 [I] Listen: http://0.0.0.0:3000
2017/09/04 16:46:32 [I] Log Mode: File(Info)
2017/09/04 16:46:32 [I] XORM Log Mode: File(Info)
2017/09/04 16:46:32 [I] Cache Service Enabled
2017/09/04 16:46:32 [I] Session Service Enabled
2017/09/04 16:46:32 [I] Git Version: 2.9.3
2017/09/04 16:46:33 [I] SQLite3 Supported
2017/09/04 16:46:33 [I] Run Mode: Production
2017/09/04 16:46:33 [I] Listen: http://0.0.0.0:3000
2017/09/04 16:47:11 [I] Log Mode: File(Info)
2017/09/04 16:47:11 [I] XORM Log Mode: File(Info)
2017/09/04 16:47:11 [I] Cache Service Enabled
2017/09/04 16:47:11 [I] Session Service Enabled
2017/09/04 16:47:11 [I] Git Version: 2.9.3
2017/09/04 16:47:12 [I] SQLite3 Supported
2017/09/04 16:47:12 [I] Run Mode: Production
2017/09/04 16:47:12 [I] Listen: http://0.0.0.0:3000
2017/09/04 16:47:39 [I] Log Mode: File(Info)
2017/09/04 16:47:39 [I] XORM Log Mode: File(Info)
2017/09/04 16:47:39 [I] Cache Service Enabled
2017/09/04 16:47:39 [I] Session Service Enabled
2017/09/04 16:47:39 [I] Git Version: 2.9.3
2017/09/04 16:47:39 [I] SQLite3 Supported
2017/09/04 16:47:39 [I] Run Mode: Production
2017/09/04 16:47:39 [I] Listen: http://0.0.0.0:3000
2017/09/05 09:34:44 [I] Log Mode: File(Info)
2017/09/05 09:34:44 [I] XORM Log Mode: File(Info)
2017/09/05 09:34:44 [I] Cache Service Enabled
2017/09/05 09:34:44 [I] Session Service Enabled
2017/09/05 09:34:44 [I] Git Version: 2.9.3
2017/09/05 09:34:45 [I] SQLite3 Supported
2017/09/05 09:34:45 [I] Run Mode: Production
2017/09/05 09:34:45 [I] Listen: http://0.0.0.0:3000
2017/09/05 10:29:32 [I] Log Mode: File(Info)
2017/09/05 10:29:32 [I] XORM Log Mode: File(Info)
2017/09/05 10:29:32 [I] Cache Service Enabled
2017/09/05 10:29:32 [I] Session Service Enabled
2017/09/05 10:29:32 [I] Git Version: 2.9.3
2017/09/05 10:29:32 [I] SQLite3 Supported
2017/09/05 10:29:32 [I] Run Mode: Production
2017/09/05 10:29:33 [I] Listen: http://0.0.0.0:3000
2017/09/05 10:38:15 [I] Log Mode: File(Info)
2017/09/05 10:38:15 [I] XORM Log Mode: File(Info)
2017/09/05 10:38:15 [I] Cache Service Enabled
2017/09/05 10:38:15 [I] Session Service Enabled
2017/09/05 10:38:16 [I] Git Version: 2.9.3
2017/09/05 10:38:16 [I] SQLite3 Supported
2017/09/05 10:38:16 [I] Run Mode: Production
2017/09/05 10:38:16 [I] Listen: http://0.0.0.0:3000
2017/09/05 10:38:53 [I] Log Mode: File(Info)
2017/09/05 10:38:53 [I] XORM Log Mode: File(Info)
2017/09/05 10:38:53 [I] Cache Service Enabled
2017/09/05 10:38:53 [I] Session Service Enabled
2017/09/05 10:38:53 [I] Git Version: 2.9.3
2017/09/05 10:38:53 [I] SQLite3 Supported
2017/09/05 10:38:53 [I] Run Mode: Production
2017/09/05 10:38:53 [I] Listen: http://0.0.0.0:3000
2017/09/05 10:40:52 [I] Log Mode: File(Info)
2017/09/05 10:40:52 [I] XORM Log Mode: File(Info)
2017/09/05 10:40:52 [I] Cache Service Enabled
2017/09/05 10:40:52 [I] Session Service Enabled
2017/09/05 10:40:52 [I] Git Version: 2.9.3
2017/09/05 10:40:52 [I] SQLite3 Supported
2017/09/05 10:40:52 [I] Run Mode: Production
2017/09/05 10:40:52 [I] Listen: http://0.0.0.0:3000
2017/09/05 10:43:06 [I] Log Mode: File(Info)
2017/09/05 10:43:06 [I] XORM Log Mode: File(Info)
2017/09/05 10:43:06 [I] Cache Service Enabled
2017/09/05 10:43:06 [I] Session Service Enabled
2017/09/05 10:43:06 [I] Git Version: 2.9.3
2017/09/05 10:43:06 [I] SQLite3 Supported
2017/09/05 10:43:06 [I] Run Mode: Production
2017/09/05 10:43:07 [I] Listen: http://0.0.0.0:3000
2017/09/05 10:43:52 [I] Log Mode: File(Info)
2017/09/05 10:43:52 [I] XORM Log Mode: File(Info)
2017/09/05 10:43:52 [I] Cache Service Enabled
2017/09/05 10:43:52 [I] Session Service Enabled
2017/09/05 10:43:52 [I] Git Version: 2.9.3
2017/09/05 10:43:53 [I] SQLite3 Supported
2017/09/05 10:43:53 [I] Run Mode: Production
2017/09/05 10:43:53 [I] Listen: http://0.0.0.0:3000
2017/09/05 10:44:37 [I] Log Mode: File(Info)
2017/09/05 10:44:37 [I] XORM Log Mode: File(Info)
2017/09/05 10:44:37 [I] Cache Service Enabled
2017/09/05 10:44:37 [I] Session Service Enabled
2017/09/05 10:44:37 [I] Git Version: 2.9.3
2017/09/05 10:44:37 [I] SQLite3 Supported
2017/09/05 10:44:37 [I] Run Mode: Production
2017/09/05 10:44:37 [I] Listen: http://0.0.0.0:3000
2017/09/05 10:49:38 [I] Log Mode: File(Info)
2017/09/05 10:49:38 [I] XORM Log Mode: File(Info)
2017/09/05 10:49:38 [I] Cache Service Enabled
2017/09/05 10:49:38 [I] Session Service Enabled
2017/09/05 10:49:38 [I] Git Version: 2.9.3
2017/09/05 10:49:39 [I] SQLite3 Supported
2017/09/05 10:49:39 [I] Run Mode: Production
2017/09/05 10:49:39 [I] Listen: http://0.0.0.0:3000
2017/09/05 11:06:35 [I] Log Mode: File(Info)
2017/09/05 11:06:35 [I] XORM Log Mode: File(Info)
2017/09/05 11:06:35 [I] Cache Service Enabled
2017/09/05 11:06:35 [I] Session Service Enabled
2017/09/05 11:06:36 [I] Git Version: 2.9.3
2017/09/05 11:06:36 [I] SQLite3 Supported
2017/09/05 11:06:36 [I] Run Mode: Production
2017/09/05 11:06:36 [I] Listen: http://0.0.0.0:3000
2017/09/05 11:08:01 [I] Log Mode: File(Info)
2017/09/05 11:08:01 [I] XORM Log Mode: File(Info)
2017/09/05 11:08:01 [I] Cache Service Enabled
2017/09/05 11:08:01 [I] Session Service Enabled
2017/09/05 11:08:01 [I] Git Version: 2.9.3
2017/09/05 11:08:02 [I] SQLite3 Supported
2017/09/05 11:08:02 [I] Run Mode: Production
2017/09/05 11:08:02 [I] Listen: http://0.0.0.0:3000
2017/09/05 11:19:25 [I] Log Mode: File(Info)
2017/09/05 11:19:25 [I] XORM Log Mode: File(Info)
2017/09/05 11:19:25 [I] Cache Service Enabled
2017/09/05 11:19:25 [I] Session Service Enabled
2017/09/05 11:19:25 [I] Git Version: 2.9.3
2017/09/05 11:19:25 [I] SQLite3 Supported
2017/09/05 11:19:25 [I] Run Mode: Production
2017/09/05 11:19:25 [I] Listen: http://0.0.0.0:3000
2017/09/05 11:25:45 [I] Log Mode: File(Info)
2017/09/05 11:25:45 [I] XORM Log Mode: File(Info)
2017/09/05 11:25:45 [I] Cache Service Enabled
2017/09/05 11:25:45 [I] Session Service Enabled
2017/09/05 11:25:45 [I] Git Version: 2.9.3
2017/09/05 11:25:46 [I] SQLite3 Supported
2017/09/05 11:25:46 [I] Run Mode: Production
2017/09/05 11:25:46 [I] Listen: http://0.0.0.0:3000
2017/09/05 11:26:51 [I] Log Mode: File(Info)
2017/09/05 11:26:51 [I] XORM Log Mode: File(Info)
2017/09/05 11:26:51 [I] Cache Service Enabled
2017/09/05 11:26:51 [I] Session Service Enabled
2017/09/05 11:26:51 [I] Git Version: 2.9.3
2017/09/05 11:26:51 [I] SQLite3 Supported
2017/09/05 11:26:51 [I] Run Mode: Production
2017/09/05 11:26:51 [I] Listen: http://0.0.0.0:3000
2017/09/05 11:27:56 [I] Log Mode: File(Info)
2017/09/05 11:27:56 [I] XORM Log Mode: File(Info)
2017/09/05 11:27:56 [I] Cache Service Enabled
2017/09/05 11:27:56 [I] Session Service Enabled
2017/09/05 11:27:56 [I] Git Version: 2.9.3
2017/09/05 11:27:57 [I] SQLite3 Supported
2017/09/05 11:27:57 [I] Run Mode: Production
2017/09/05 11:27:57 [I] Listen: http://0.0.0.0:3000
2017/09/05 11:28:43 [I] Log Mode: File(Info)
2017/09/05 11:28:43 [I] XORM Log Mode: File(Info)
2017/09/05 11:28:43 [I] Cache Service Enabled
2017/09/05 11:28:43 [I] Session Service Enabled
2017/09/05 11:28:43 [I] Git Version: 2.9.3
2017/09/05 11:28:43 [I] SQLite3 Supported
2017/09/05 11:28:43 [I] Run Mode: Production
2017/09/05 11:28:44 [I] Listen: http://0.0.0.0:3000
2017/09/05 11:31:29 [I] Log Mode: File(Info)
2017/09/05 11:31:29 [I] XORM Log Mode: File(Info)
2017/09/05 11:31:29 [I] Cache Service Enabled
2017/09/05 11:31:29 [I] Session Service Enabled
2017/09/05 11:31:29 [I] Git Version: 2.9.3
2017/09/05 11:31:29 [I] SQLite3 Supported
2017/09/05 11:31:29 [I] Run Mode: Production
2017/09/05 11:31:29 [I] Listen: http://0.0.0.0:3000
2017/09/05 11:33:52 [I] Log Mode: File(Info)
2017/09/05 11:33:52 [I] XORM Log Mode: File(Info)
2017/09/05 11:33:52 [I] Cache Service Enabled
2017/09/05 11:33:52 [I] Session Service Enabled
2017/09/05 11:33:52 [I] Git Version: 2.9.3
2017/09/05 11:33:53 [I] SQLite3 Supported
2017/09/05 11:33:53 [I] Run Mode: Production
2017/09/05 11:33:53 [I] Listen: http://0.0.0.0:3000
2017/09/05 11:34:51 [I] Log Mode: File(Info)
2017/09/05 11:34:51 [I] XORM Log Mode: File(Info)
2017/09/05 11:34:51 [I] Cache Service Enabled
2017/09/05 11:34:51 [I] Session Service Enabled
2017/09/05 11:34:51 [I] Git Version: 2.9.3
2017/09/05 11:34:52 [I] SQLite3 Supported
2017/09/05 11:34:52 [I] Run Mode: Production
2017/09/05 11:34:52 [I] Listen: http://0.0.0.0:3000
2017/09/05 11:37:51 [I] Log Mode: File(Info)
2017/09/05 11:37:51 [I] XORM Log Mode: File(Info)
2017/09/05 11:37:51 [I] Cache Service Enabled
2017/09/05 11:37:51 [I] Session Service Enabled
2017/09/05 11:37:51 [I] Git Version: 2.9.3
2017/09/05 11:37:52 [I] SQLite3 Supported
2017/09/05 11:37:52 [I] Run Mode: Production
2017/09/05 11:37:52 [I] Listen: http://0.0.0.0:3000
2017/09/05 11:38:57 [I] Log Mode: File(Info)
2017/09/05 11:38:57 [I] XORM Log Mode: File(Info)
2017/09/05 11:38:57 [I] Cache Service Enabled
2017/09/05 11:38:57 [I] Session Service Enabled
2017/09/05 11:38:57 [I] Git Version: 2.9.3
2017/09/05 11:38:58 [I] SQLite3 Supported
2017/09/05 11:38:58 [I] Run Mode: Production
2017/09/05 11:38:58 [I] Listen: http://0.0.0.0:3000
2017/09/05 11:40:29 [I] Log Mode: File(Info)
2017/09/05 11:40:29 [I] XORM Log Mode: File(Info)
2017/09/05 11:40:29 [I] Cache Service Enabled
2017/09/05 11:40:29 [I] Session Service Enabled
2017/09/05 11:40:29 [I] Git Version: 2.9.3
2017/09/05 11:40:29 [I] SQLite3 Supported
2017/09/05 11:40:29 [I] Run Mode: Production
2017/09/05 11:41:26 [I] Log Mode: File(Info)
2017/09/05 11:41:26 [I] XORM Log Mode: File(Info)
2017/09/05 11:41:26 [I] Cache Service Enabled
2017/09/05 11:41:26 [I] Session Service Enabled
2017/09/05 11:41:26 [I] Git Version: 2.9.3
2017/09/05 11:41:26 [I] SQLite3 Supported
2017/09/05 11:41:26 [I] Run Mode: Production
2017/09/05 11:41:34 [I] Log Mode: File(Info)
2017/09/05 11:41:34 [I] XORM Log Mode: File(Info)
2017/09/05 11:41:34 [I] Cache Service Enabled
2017/09/05 11:41:34 [I] Session Service Enabled
2017/09/05 11:41:34 [I] Git Version: 2.9.3
2017/09/05 11:41:35 [I] SQLite3 Supported
2017/09/05 11:41:35 [I] Run Mode: Production
2017/09/05 11:41:35 [I] Listen: http://0.0.0.0:3000
2017/09/05 11:44:24 [I] Log Mode: File(Info)
2017/09/05 11:44:24 [I] XORM Log Mode: File(Info)
2017/09/05 11:44:24 [I] Cache Service Enabled
2017/09/05 11:44:24 [I] Session Service Enabled
2017/09/05 11:44:24 [I] Git Version: 2.9.3
2017/09/05 11:44:24 [I] SQLite3 Supported
2017/09/05 11:44:24 [I] Run Mode: Production
2017/09/05 11:44:24 [I] Listen: http://0.0.0.0:3000
2017/09/05 11:45:52 [I] Log Mode: File(Info)
2017/09/05 11:45:52 [I] XORM Log Mode: File(Info)
2017/09/05 11:45:52 [I] Cache Service Enabled
2017/09/05 11:45:52 [I] Session Service Enabled
2017/09/05 11:45:52 [I] Git Version: 2.9.3
2017/09/05 11:45:52 [I] SQLite3 Supported
2017/09/05 11:45:52 [I] Run Mode: Production
2017/09/05 11:46:56 [I] Log Mode: File(Info)
2017/09/05 11:46:56 [I] XORM Log Mode: File(Info)
2017/09/05 11:46:56 [I] Cache Service Enabled
2017/09/05 11:46:56 [I] Session Service Enabled
2017/09/05 11:46:56 [I] Git Version: 2.9.3
2017/09/05 11:46:56 [I] SQLite3 Supported
2017/09/05 11:46:56 [I] Run Mode: Production
2017/09/05 11:47:19 [I] Log Mode: File(Info)
2017/09/05 11:47:19 [I] XORM Log Mode: File(Info)
2017/09/05 11:47:19 [I] Cache Service Enabled
2017/09/05 11:47:19 [I] Session Service Enabled
2017/09/05 11:47:19 [I] Git Version: 2.9.3
2017/09/05 11:47:19 [I] SQLite3 Supported
2017/09/05 11:47:19 [I] Run Mode: Production
2017/09/05 11:48:37 [I] Log Mode: File(Info)
2017/09/05 11:48:37 [I] XORM Log Mode: File(Info)
2017/09/05 11:48:37 [I] Cache Service Enabled
2017/09/05 11:48:37 [I] Session Service Enabled
2017/09/05 11:48:37 [I] Git Version: 2.9.3
2017/09/05 11:48:37 [I] SQLite3 Supported
2017/09/05 11:48:37 [I] Run Mode: Production
2017/09/05 11:48:38 [I] Listen: http://0.0.0.0:3000
2017/09/05 11:49:51 [I] Log Mode: File(Info)
2017/09/05 11:49:51 [I] XORM Log Mode: File(Info)
2017/09/05 11:49:51 [I] Cache Service Enabled
2017/09/05 11:49:51 [I] Session Service Enabled
2017/09/05 11:49:51 [I] Git Version: 2.9.3
2017/09/05 11:49:52 [I] SQLite3 Supported
2017/09/05 11:49:52 [I] Run Mode: Production
2017/09/05 11:49:52 [I] Listen: http://0.0.0.0:3000
2017/09/05 11:51:12 [I] Log Mode: File(Info)
2017/09/05 11:51:12 [I] XORM Log Mode: File(Info)
2017/09/05 11:51:12 [I] Cache Service Enabled
2017/09/05 11:51:12 [I] Session Service Enabled
2017/09/05 11:51:12 [I] Git Version: 2.9.3
2017/09/05 11:51:13 [I] SQLite3 Supported
2017/09/05 11:51:13 [I] Run Mode: Production
2017/09/05 11:51:13 [I] Listen: http://0.0.0.0:3000
2017/09/05 11:52:03 [I] Log Mode: File(Info)
2017/09/05 11:52:03 [I] XORM Log Mode: File(Info)
2017/09/05 11:52:03 [I] Cache Service Enabled
2017/09/05 11:52:03 [I] Session Service Enabled
2017/09/05 11:52:04 [I] Git Version: 2.9.3
2017/09/05 11:52:04 [I] SQLite3 Supported
2017/09/05 11:52:04 [I] Run Mode: Production
2017/09/05 11:52:04 [I] Listen: http://0.0.0.0:3000
2017/09/05 11:53:08 [I] Log Mode: File(Info)
2017/09/05 11:53:08 [I] XORM Log Mode: File(Info)
2017/09/05 11:53:08 [I] Cache Service Enabled
2017/09/05 11:53:08 [I] Session Service Enabled
2017/09/05 11:53:08 [I] Git Version: 2.9.3
2017/09/05 11:53:08 [I] SQLite3 Supported
2017/09/05 11:53:08 [I] Run Mode: Production
2017/09/05 11:53:09 [I] Listen: http://0.0.0.0:3000
2017/09/05 11:54:00 [I] Log Mode: File(Info)
2017/09/05 11:54:00 [I] XORM Log Mode: File(Info)
2017/09/05 11:54:00 [I] Cache Service Enabled
2017/09/05 11:54:00 [I] Session Service Enabled
2017/09/05 11:54:00 [I] Git Version: 2.9.3
2017/09/05 11:54:00 [I] SQLite3 Supported
2017/09/05 11:54:00 [I] Run Mode: Production
2017/09/05 11:54:00 [I] Listen: http://0.0.0.0:3000
2017/09/05 11:54:51 [I] Log Mode: File(Info)
2017/09/05 11:54:51 [I] XORM Log Mode: File(Info)
2017/09/05 11:54:51 [I] Cache Service Enabled
2017/09/05 11:54:51 [I] Session Service Enabled
2017/09/05 11:54:51 [I] Git Version: 2.9.3
2017/09/05 11:54:51 [I] SQLite3 Supported
2017/09/05 11:54:51 [I] Run Mode: Production
2017/09/05 11:54:51 [I] Listen: http://0.0.0.0:3000
2017/09/05 11:56:11 [I] Log Mode: File(Info)
2017/09/05 11:56:11 [I] XORM Log Mode: File(Info)
2017/09/05 11:56:11 [I] Cache Service Enabled
2017/09/05 11:56:11 [I] Session Service Enabled
2017/09/05 11:56:11 [I] Git Version: 2.9.3
2017/09/05 11:56:11 [I] SQLite3 Supported
2017/09/05 11:56:11 [I] Run Mode: Production
2017/09/05 11:56:11 [I] Listen: http://0.0.0.0:3000
2017/09/05 12:10:18 [I] Log Mode: File(Info)
2017/09/05 12:10:18 [I] XORM Log Mode: File(Info)
2017/09/05 12:10:18 [I] Cache Service Enabled
2017/09/05 12:10:18 [I] Session Service Enabled
2017/09/05 12:10:19 [I] Git Version: 2.9.3
2017/09/05 12:10:19 [I] SQLite3 Supported
2017/09/05 12:10:19 [I] Run Mode: Production
2017/09/05 12:10:19 [I] Listen: http://0.0.0.0:3000
2017/09/05 12:15:19 [I] Log Mode: File(Info)
2017/09/05 12:15:19 [I] XORM Log Mode: File(Info)
2017/09/05 12:15:19 [I] Cache Service Enabled
2017/09/05 12:15:19 [I] Session Service Enabled
2017/09/05 12:15:19 [I] Git Version: 2.9.3
2017/09/05 12:15:19 [I] SQLite3 Supported
2017/09/05 12:15:19 [I] Run Mode: Production
2017/09/05 12:15:19 [I] Listen: http://0.0.0.0:3000
2017/09/05 12:17:32 [I] Log Mode: File(Info)
2017/09/05 12:17:32 [I] XORM Log Mode: File(Info)
2017/09/05 12:17:32 [I] Cache Service Enabled
2017/09/05 12:17:32 [I] Session Service Enabled
2017/09/05 12:17:32 [I] Git Version: 2.9.3
2017/09/05 12:17:33 [I] SQLite3 Supported
2017/09/05 12:17:33 [I] Run Mode: Production
2017/09/05 12:17:33 [I] Listen: http://0.0.0.0:3000
2017/09/05 12:18:08 [I] Log Mode: File(Info)
2017/09/05 12:18:08 [I] XORM Log Mode: File(Info)
2017/09/05 12:18:08 [I] Cache Service Enabled
2017/09/05 12:18:08 [I] Session Service Enabled
2017/09/05 12:18:08 [I] Git Version: 2.9.3
2017/09/05 12:18:08 [I] SQLite3 Supported
2017/09/05 12:18:08 [I] Run Mode: Production
2017/09/05 12:18:08 [I] Listen: http://0.0.0.0:3000
2017/09/05 12:23:39 [I] Log Mode: File(Info)
2017/09/05 12:23:39 [I] XORM Log Mode: File(Info)
2017/09/05 12:23:39 [I] Cache Service Enabled
2017/09/05 12:23:39 [I] Session Service Enabled
2017/09/05 12:23:40 [I] Git Version: 2.9.3
2017/09/05 12:23:40 [I] SQLite3 Supported
2017/09/05 12:23:40 [I] Run Mode: Production
2017/09/05 12:23:40 [I] Listen: http://0.0.0.0:3000
2017/09/05 12:46:21 [I] Log Mode: File(Info)
2017/09/05 12:46:21 [I] XORM Log Mode: File(Info)
2017/09/05 12:46:21 [I] Cache Service Enabled
2017/09/05 12:46:21 [I] Session Service Enabled
2017/09/05 12:46:21 [I] Git Version: 2.9.3
2017/09/05 12:46:21 [I] SQLite3 Supported
2017/09/05 12:46:21 [I] Run Mode: Production
2017/09/05 12:46:21 [I] Listen: http://0.0.0.0:3000
2017/09/05 12:54:32 [I] Log Mode: File(Info)
2017/09/05 12:54:32 [I] XORM Log Mode: File(Info)
2017/09/05 12:54:32 [I] Cache Service Enabled
2017/09/05 12:54:32 [I] Session Service Enabled
2017/09/05 12:54:32 [I] Git Version: 2.9.3
2017/09/05 12:54:32 [I] SQLite3 Supported
2017/09/05 12:54:32 [I] Run Mode: Production
2017/09/05 12:55:07 [I] Log Mode: File(Info)
2017/09/05 12:55:07 [I] XORM Log Mode: File(Info)
2017/09/05 12:55:07 [I] Cache Service Enabled
2017/09/05 12:55:07 [I] Session Service Enabled
2017/09/05 12:55:07 [I] Git Version: 2.9.3
2017/09/05 12:55:07 [I] SQLite3 Supported
2017/09/05 12:55:07 [I] Run Mode: Production
2017/09/05 12:55:07 [I] Listen: http://0.0.0.0:3000
2017/09/05 12:55:40 [I] Log Mode: File(Info)
2017/09/05 12:55:40 [I] XORM Log Mode: File(Info)
2017/09/05 12:55:40 [I] Cache Service Enabled
2017/09/05 12:55:40 [I] Session Service Enabled
2017/09/05 12:55:40 [I] Git Version: 2.9.3
2017/09/05 12:55:41 [I] SQLite3 Supported
2017/09/05 12:55:41 [I] Run Mode: Production
2017/09/05 12:55:41 [I] Listen: http://0.0.0.0:3000
2017/09/05 12:56:05 [I] Log Mode: File(Info)
2017/09/05 12:56:05 [I] XORM Log Mode: File(Info)
2017/09/05 12:56:05 [I] Cache Service Enabled
2017/09/05 12:56:05 [I] Session Service Enabled
2017/09/05 12:56:05 [I] Git Version: 2.9.3
2017/09/05 12:56:05 [I] SQLite3 Supported
2017/09/05 12:56:05 [I] Run Mode: Production
2017/09/05 12:56:05 [I] Listen: http://0.0.0.0:3000
2017/09/05 12:56:33 [I] Log Mode: File(Info)
2017/09/05 12:56:33 [I] XORM Log Mode: File(Info)
2017/09/05 12:56:33 [I] Cache Service Enabled
2017/09/05 12:56:33 [I] Session Service Enabled
2017/09/05 12:56:33 [I] Git Version: 2.9.3
2017/09/05 12:56:33 [I] SQLite3 Supported
2017/09/05 12:56:33 [I] Run Mode: Production
2017/09/05 12:56:33 [I] Listen: http://0.0.0.0:3000
2017/09/05 12:56:58 [I] Log Mode: File(Info)
2017/09/05 12:56:58 [I] XORM Log Mode: File(Info)
2017/09/05 12:56:58 [I] Cache Service Enabled
2017/09/05 12:56:58 [I] Session Service Enabled
2017/09/05 12:56:58 [I] Git Version: 2.9.3
2017/09/05 12:56:59 [I] SQLite3 Supported
2017/09/05 12:56:59 [I] Run Mode: Production
2017/09/05 12:56:59 [I] Listen: http://0.0.0.0:3000
2017/09/05 12:57:15 [I] Log Mode: File(Info)
2017/09/05 12:57:15 [I] XORM Log Mode: File(Info)
2017/09/05 12:57:15 [I] Cache Service Enabled
2017/09/05 12:57:15 [I] Session Service Enabled
2017/09/05 12:57:15 [I] Git Version: 2.9.3
2017/09/05 12:57:15 [I] SQLite3 Supported
2017/09/05 12:57:15 [I] Run Mode: Production
2017/09/05 12:57:15 [I] Listen: http://0.0.0.0:3000
2017/09/05 12:57:38 [I] Log Mode: File(Info)
2017/09/05 12:57:38 [I] XORM Log Mode: File(Info)
2017/09/05 12:57:38 [I] Cache Service Enabled
2017/09/05 12:57:38 [I] Session Service Enabled
2017/09/05 12:57:38 [I] Git Version: 2.9.3
2017/09/05 12:57:38 [I] SQLite3 Supported
2017/09/05 12:57:38 [I] Run Mode: Production
2017/09/05 12:57:38 [I] Listen: http://0.0.0.0:3000
2017/09/05 13:44:10 [I] Log Mode: File(Info)
2017/09/05 13:44:10 [I] XORM Log Mode: File(Info)
2017/09/05 13:44:10 [I] Cache Service Enabled
2017/09/05 13:44:10 [I] Session Service Enabled
2017/09/05 13:44:10 [I] Git Version: 2.9.3
2017/09/05 13:44:10 [I] SQLite3 Supported
2017/09/05 13:44:10 [I] Run Mode: Production
2017/09/05 13:44:11 [I] Listen: http://0.0.0.0:3000
2017/09/05 13:45:39 [I] Log Mode: File(Info)
2017/09/05 13:45:39 [I] XORM Log Mode: File(Info)
2017/09/05 13:45:39 [I] Cache Service Enabled
2017/09/05 13:45:39 [I] Session Service Enabled
2017/09/05 13:45:39 [I] Git Version: 2.9.3
2017/09/05 13:45:39 [I] SQLite3 Supported
2017/09/05 13:45:39 [I] Run Mode: Production
2017/09/05 13:45:40 [I] Listen: http://0.0.0.0:3000
2017/09/05 13:46:56 [I] Log Mode: File(Info)
2017/09/05 13:46:56 [I] XORM Log Mode: File(Info)
2017/09/05 13:46:56 [I] Cache Service Enabled
2017/09/05 13:46:56 [I] Session Service Enabled
2017/09/05 13:46:56 [I] Git Version: 2.9.3
2017/09/05 13:46:57 [I] SQLite3 Supported
2017/09/05 13:46:57 [I] Run Mode: Production
2017/09/05 13:47:26 [I] Log Mode: File(Info)
2017/09/05 13:47:26 [I] XORM Log Mode: File(Info)
2017/09/05 13:47:26 [I] Cache Service Enabled
2017/09/05 13:47:26 [I] Session Service Enabled
2017/09/05 13:47:26 [I] Git Version: 2.9.3
2017/09/05 13:47:27 [I] SQLite3 Supported
2017/09/05 13:47:27 [I] Run Mode: Production
2017/09/05 13:47:37 [I] Log Mode: File(Info)
2017/09/05 13:47:37 [I] XORM Log Mode: File(Info)
2017/09/05 13:47:37 [I] Cache Service Enabled
2017/09/05 13:47:37 [I] Session Service Enabled
2017/09/05 13:47:37 [I] Git Version: 2.9.3
2017/09/05 13:47:37 [I] SQLite3 Supported
2017/09/05 13:47:37 [I] Run Mode: Production
2017/09/05 13:48:12 [I] Log Mode: File(Info)
2017/09/05 13:48:12 [I] XORM Log Mode: File(Info)
2017/09/05 13:48:12 [I] Cache Service Enabled
2017/09/05 13:48:12 [I] Session Service Enabled
2017/09/05 13:48:12 [I] Git Version: 2.9.3
2017/09/05 13:48:12 [I] SQLite3 Supported
2017/09/05 13:48:12 [I] Run Mode: Production
2017/09/05 13:48:41 [I] Log Mode: File(Info)
2017/09/05 13:48:41 [I] XORM Log Mode: File(Info)
2017/09/05 13:48:41 [I] Cache Service Enabled
2017/09/05 13:48:41 [I] Session Service Enabled
2017/09/05 13:48:41 [I] Git Version: 2.9.3
2017/09/05 13:48:41 [I] SQLite3 Supported
2017/09/05 13:48:41 [I] Run Mode: Production
2017/09/05 13:48:59 [I] Log Mode: File(Info)
2017/09/05 13:48:59 [I] XORM Log Mode: File(Info)
2017/09/05 13:48:59 [I] Cache Service Enabled
2017/09/05 13:48:59 [I] Session Service Enabled
2017/09/05 13:49:00 [I] Git Version: 2.9.3
2017/09/05 13:49:00 [I] SQLite3 Supported
2017/09/05 13:49:00 [I] Run Mode: Production
2017/09/05 13:49:00 [I] Listen: http://0.0.0.0:3000
2017/09/05 13:49:14 [I] Log Mode: File(Info)
2017/09/05 13:49:14 [I] XORM Log Mode: File(Info)
2017/09/05 13:49:14 [I] Cache Service Enabled
2017/09/05 13:49:14 [I] Session Service Enabled
2017/09/05 13:49:14 [I] Git Version: 2.9.3
2017/09/05 13:49:14 [I] SQLite3 Supported
2017/09/05 13:49:14 [I] Run Mode: Production
2017/09/05 13:49:14 [I] Listen: http://0.0.0.0:3000
2017/09/05 13:49:34 [I] Log Mode: File(Info)
2017/09/05 13:49:34 [I] XORM Log Mode: File(Info)
2017/09/05 13:49:34 [I] Cache Service Enabled
2017/09/05 13:49:34 [I] Session Service Enabled
2017/09/05 13:49:34 [I] Git Version: 2.9.3
2017/09/05 13:49:34 [I] SQLite3 Supported
2017/09/05 13:49:34 [I] Run Mode: Production
2017/09/05 13:49:34 [I] Listen: http://0.0.0.0:3000
2017/09/05 13:49:57 [I] Log Mode: File(Info)
2017/09/05 13:49:57 [I] XORM Log Mode: File(Info)
2017/09/05 13:49:57 [I] Cache Service Enabled
2017/09/05 13:49:57 [I] Session Service Enabled
2017/09/05 13:49:57 [I] Git Version: 2.9.3
2017/09/05 13:49:57 [I] SQLite3 Supported
2017/09/05 13:49:57 [I] Run Mode: Production
2017/09/05 13:49:57 [I] Listen: http://0.0.0.0:3000
2017/09/05 13:50:27 [I] Log Mode: File(Info)
2017/09/05 13:50:27 [I] XORM Log Mode: File(Info)
2017/09/05 13:50:27 [I] Cache Service Enabled
2017/09/05 13:50:27 [I] Session Service Enabled
2017/09/05 13:50:27 [I] Git Version: 2.9.3
2017/09/05 13:50:27 [I] SQLite3 Supported
2017/09/05 13:50:27 [I] Run Mode: Production
2017/09/05 13:50:27 [I] Listen: http://0.0.0.0:3000
2017/09/05 13:51:13 [I] Log Mode: File(Info)
2017/09/05 13:51:13 [I] XORM Log Mode: File(Info)
2017/09/05 13:51:13 [I] Cache Service Enabled
2017/09/05 13:51:13 [I] Session Service Enabled
2017/09/05 13:51:13 [I] Git Version: 2.9.3
2017/09/05 13:51:13 [I] SQLite3 Supported
2017/09/05 13:51:13 [I] Run Mode: Production
2017/09/05 13:51:42 [I] Log Mode: File(Info)
2017/09/05 13:51:42 [I] XORM Log Mode: File(Info)
2017/09/05 13:51:42 [I] Cache Service Enabled
2017/09/05 13:51:42 [I] Session Service Enabled
2017/09/05 13:51:42 [I] Git Version: 2.9.3
2017/09/05 13:51:42 [I] SQLite3 Supported
2017/09/05 13:51:42 [I] Run Mode: Production
2017/09/05 13:51:48 [I] Log Mode: File(Info)
2017/09/05 13:51:48 [I] XORM Log Mode: File(Info)
2017/09/05 13:51:48 [I] Cache Service Enabled
2017/09/05 13:51:48 [I] Session Service Enabled
2017/09/05 13:51:48 [I] Git Version: 2.9.3
2017/09/05 13:51:49 [I] SQLite3 Supported
2017/09/05 13:51:49 [I] Run Mode: Production
2017/09/05 13:52:09 [I] Log Mode: File(Info)
2017/09/05 13:52:09 [I] XORM Log Mode: File(Info)
2017/09/05 13:52:09 [I] Cache Service Enabled
2017/09/05 13:52:09 [I] Session Service Enabled
2017/09/05 13:52:10 [I] Git Version: 2.9.3
2017/09/05 13:52:10 [I] SQLite3 Supported
2017/09/05 13:52:10 [I] Run Mode: Production
2017/09/05 13:52:10 [I] Listen: http://0.0.0.0:3000
2017/09/05 13:52:30 [I] Log Mode: File(Info)
2017/09/05 13:52:30 [I] XORM Log Mode: File(Info)
2017/09/05 13:52:30 [I] Cache Service Enabled
2017/09/05 13:52:30 [I] Session Service Enabled
2017/09/05 13:52:30 [I] Git Version: 2.9.3
2017/09/05 13:52:30 [I] SQLite3 Supported
2017/09/05 13:52:30 [I] Run Mode: Production
2017/09/05 13:52:30 [I] Listen: http://0.0.0.0:3000
2017/09/05 13:53:48 [I] Log Mode: File(Info)
2017/09/05 13:53:48 [I] XORM Log Mode: File(Info)
2017/09/05 13:53:48 [I] Cache Service Enabled
2017/09/05 13:53:48 [I] Session Service Enabled
2017/09/05 13:53:48 [I] Git Version: 2.9.3
2017/09/05 13:53:49 [I] SQLite3 Supported
2017/09/05 13:53:49 [I] Run Mode: Production
2017/09/05 13:53:49 [I] Listen: http://0.0.0.0:3000
2017/09/05 14:21:02 [I] Log Mode: File(Info)
2017/09/05 14:21:02 [I] XORM Log Mode: File(Info)
2017/09/05 14:21:02 [I] Cache Service Enabled
2017/09/05 14:21:02 [I] Session Service Enabled
2017/09/05 14:21:02 [I] Git Version: 2.9.3
2017/09/05 14:21:03 [I] SQLite3 Supported
2017/09/05 14:21:03 [I] Run Mode: Production
2017/09/05 14:21:03 [I] Listen: http://0.0.0.0:3000
2017/09/05 14:22:08 [I] Log Mode: File(Info)
2017/09/05 14:22:08 [I] XORM Log Mode: File(Info)
2017/09/05 14:22:08 [I] Cache Service Enabled
2017/09/05 14:22:08 [I] Session Service Enabled
2017/09/05 14:22:08 [I] Git Version: 2.9.3
2017/09/05 14:22:08 [I] SQLite3 Supported
2017/09/05 14:22:08 [I] Run Mode: Production
2017/09/05 14:22:09 [I] Listen: http://0.0.0.0:3000
2017/09/05 14:23:42 [I] Log Mode: File(Info)
2017/09/05 14:23:42 [I] XORM Log Mode: File(Info)
2017/09/05 14:23:42 [I] Cache Service Enabled
2017/09/05 14:23:42 [I] Session Service Enabled
2017/09/05 14:23:42 [I] Git Version: 2.9.3
2017/09/05 14:23:42 [I] SQLite3 Supported
2017/09/05 14:23:42 [I] Run Mode: Production
2017/09/05 14:23:43 [I] Listen: http://0.0.0.0:3000
2017/09/05 14:24:41 [I] Log Mode: File(Info)
2017/09/05 14:24:41 [I] XORM Log Mode: File(Info)
2017/09/05 14:24:41 [I] Cache Service Enabled
2017/09/05 14:24:41 [I] Session Service Enabled
2017/09/05 14:24:41 [I] Git Version: 2.9.3
2017/09/05 14:24:41 [I] SQLite3 Supported
2017/09/05 14:24:41 [I] Run Mode: Production
2017/09/05 14:24:42 [I] Listen: http://0.0.0.0:3000
2017/09/05 14:27:12 [I] Log Mode: File(Info)
2017/09/05 14:27:12 [I] XORM Log Mode: File(Info)
2017/09/05 14:27:12 [I] Cache Service Enabled
2017/09/05 14:27:12 [I] Session Service Enabled
2017/09/05 14:27:12 [I] Git Version: 2.9.3
2017/09/05 14:27:13 [I] SQLite3 Supported
2017/09/05 14:27:13 [I] Run Mode: Production
2017/09/05 14:27:13 [I] Listen: http://0.0.0.0:3000
2017/09/05 14:27:49 [I] Log Mode: File(Info)
2017/09/05 14:27:49 [I] XORM Log Mode: File(Info)
2017/09/05 14:27:49 [I] Cache Service Enabled
2017/09/05 14:27:49 [I] Session Service Enabled
2017/09/05 14:27:49 [I] Git Version: 2.9.3
2017/09/05 14:27:49 [I] SQLite3 Supported
2017/09/05 14:27:49 [I] Run Mode: Production
2017/09/05 14:27:49 [I] Listen: http://0.0.0.0:3000
2017/09/05 14:28:21 [I] Log Mode: File(Info)
2017/09/05 14:28:21 [I] XORM Log Mode: File(Info)
2017/09/05 14:28:21 [I] Cache Service Enabled
2017/09/05 14:28:21 [I] Session Service Enabled
2017/09/05 14:28:21 [I] Git Version: 2.9.3
2017/09/05 14:28:21 [I] SQLite3 Supported
2017/09/05 14:28:21 [I] Run Mode: Production
2017/09/05 14:28:22 [I] Listen: http://0.0.0.0:3000
2017/09/05 14:29:24 [I] Log Mode: File(Info)
2017/09/05 14:29:24 [I] XORM Log Mode: File(Info)
2017/09/05 14:29:24 [I] Cache Service Enabled
2017/09/05 14:29:24 [I] Session Service Enabled
2017/09/05 14:29:24 [I] Git Version: 2.9.3
2017/09/05 14:29:24 [I] SQLite3 Supported
2017/09/05 14:29:24 [I] Run Mode: Production
2017/09/05 14:29:24 [I] Listen: http://0.0.0.0:3000
2017/09/05 14:30:32 [I] Log Mode: File(Info)
2017/09/05 14:30:32 [I] XORM Log Mode: File(Info)
2017/09/05 14:30:32 [I] Cache Service Enabled
2017/09/05 14:30:32 [I] Session Service Enabled
2017/09/05 14:30:32 [I] Git Version: 2.9.3
2017/09/05 14:30:32 [I] SQLite3 Supported
2017/09/05 14:30:32 [I] Run Mode: Production
2017/09/05 14:30:32 [I] Listen: http://0.0.0.0:3000
2017/09/05 14:33:04 [I] Log Mode: File(Info)
2017/09/05 14:33:04 [I] XORM Log Mode: File(Info)
2017/09/05 14:33:04 [I] Cache Service Enabled
2017/09/05 14:33:04 [I] Session Service Enabled
2017/09/05 14:33:04 [I] Git Version: 2.9.3
2017/09/05 14:33:05 [I] SQLite3 Supported
2017/09/05 14:33:05 [I] Run Mode: Production
2017/09/05 14:33:05 [I] Listen: http://0.0.0.0:3000
2017/09/05 14:33:29 [I] Log Mode: File(Info)
2017/09/05 14:33:29 [I] XORM Log Mode: File(Info)
2017/09/05 14:33:29 [I] Cache Service Enabled
2017/09/05 14:33:29 [I] Session Service Enabled
2017/09/05 14:33:29 [I] Git Version: 2.9.3
2017/09/05 14:33:30 [I] SQLite3 Supported
2017/09/05 14:33:30 [I] Run Mode: Production
2017/09/05 14:33:30 [I] Listen: http://0.0.0.0:3000
2017/09/05 14:33:56 [I] Log Mode: File(Info)
2017/09/05 14:33:56 [I] XORM Log Mode: File(Info)
2017/09/05 14:33:56 [I] Cache Service Enabled
2017/09/05 14:33:56 [I] Session Service Enabled
2017/09/05 14:33:56 [I] Git Version: 2.9.3
2017/09/05 14:33:56 [I] SQLite3 Supported
2017/09/05 14:33:56 [I] Run Mode: Production
2017/09/05 14:33:56 [I] Listen: http://0.0.0.0:3000
2017/09/05 15:13:11 [I] Log Mode: File(Info)
2017/09/05 15:13:11 [I] XORM Log Mode: File(Info)
2017/09/05 15:13:11 [I] Cache Service Enabled
2017/09/05 15:13:11 [I] Session Service Enabled
2017/09/05 15:13:11 [I] Git Version: 2.9.3
2017/09/05 15:13:11 [I] SQLite3 Supported
2017/09/05 15:13:11 [I] Run Mode: Production
2017/09/05 15:13:11 [I] Listen: http://0.0.0.0:3000
2017/09/05 15:13:42 [I] Log Mode: File(Info)
2017/09/05 15:13:42 [I] XORM Log Mode: File(Info)
2017/09/05 15:13:42 [I] Cache Service Enabled
2017/09/05 15:13:42 [I] Session Service Enabled
2017/09/05 15:13:42 [I] Git Version: 2.9.3
2017/09/05 15:13:42 [I] SQLite3 Supported
2017/09/05 15:13:42 [I] Run Mode: Production
2017/09/05 15:13:42 [I] Listen: http://0.0.0.0:3000
2017/09/05 15:25:39 [I] Log Mode: File(Info)
2017/09/05 15:25:39 [I] XORM Log Mode: File(Info)
2017/09/05 15:25:39 [I] Cache Service Enabled
2017/09/05 15:25:39 [I] Session Service Enabled
2017/09/05 15:25:40 [I] Git Version: 2.9.3
2017/09/05 15:25:40 [I] SQLite3 Supported
2017/09/05 15:25:40 [I] Run Mode: Production
2017/09/05 15:27:07 [I] Log Mode: File(Info)
2017/09/05 15:27:07 [I] XORM Log Mode: File(Info)
2017/09/05 15:27:07 [I] Cache Service Enabled
2017/09/05 15:27:07 [I] Session Service Enabled
2017/09/05 15:27:07 [I] Git Version: 2.9.3
2017/09/05 15:27:08 [I] SQLite3 Supported
2017/09/05 15:27:08 [I] Run Mode: Production
2017/09/05 15:27:08 [I] Listen: http://0.0.0.0:3000
2017/09/05 15:27:57 [I] Log Mode: File(Info)
2017/09/05 15:27:57 [I] XORM Log Mode: File(Info)
2017/09/05 15:27:57 [I] Cache Service Enabled
2017/09/05 15:27:57 [I] Session Service Enabled
2017/09/05 15:27:57 [I] Git Version: 2.9.3
2017/09/05 15:27:58 [I] SQLite3 Supported
2017/09/05 15:27:58 [I] Run Mode: Production
2017/09/05 15:27:58 [I] Listen: http://0.0.0.0:3000
2017/09/11 12:08:54 [I] Log Mode: File(Info)
2017/09/11 12:08:54 [I] XORM Log Mode: File(Info)
2017/09/11 12:08:54 [I] Cache Service Enabled
2017/09/11 12:08:54 [I] Session Service Enabled
2017/09/11 12:08:54 [I] Git Version: 2.9.3
2017/09/11 12:08:54 [I] SQLite3 Supported
2017/09/11 12:08:54 [I] Run Mode: Production
2017/09/11 12:08:54 [I] Listen: http://0.0.0.0:3000
2017/09/11 12:51:40 [I] Log Mode: File(Info)
2017/09/11 12:51:40 [I] XORM Log Mode: File(Info)
2017/09/11 12:51:40 [I] Cache Service Enabled
2017/09/11 12:51:40 [I] Session Service Enabled
2017/09/11 12:51:40 [I] Git Version: 2.9.3
2017/09/11 12:51:40 [I] SQLite3 Supported
2017/09/11 12:51:40 [I] Run Mode: Production
2017/09/11 12:51:41 [I] Listen: http://0.0.0.0:3000
2017/09/11 13:53:35 [I] Log Mode: File(Info)
2017/09/11 13:53:35 [I] XORM Log Mode: File(Info)
2017/09/11 13:53:35 [I] Cache Service Enabled
2017/09/11 13:53:35 [I] Session Service Enabled
2017/09/11 13:53:35 [I] Git Version: 2.9.3
2017/09/11 13:53:35 [I] SQLite3 Supported
2017/09/11 13:53:35 [I] Run Mode: Production
2017/09/11 13:53:35 [I] Listen: http://0.0.0.0:3000
2017/09/11 13:55:14 [I] Log Mode: File(Info)
2017/09/11 13:55:14 [I] XORM Log Mode: File(Info)
2017/09/11 13:55:14 [I] Cache Service Enabled
2017/09/11 13:55:14 [I] Session Service Enabled
2017/09/11 13:55:14 [I] Git Version: 2.9.3
2017/09/11 13:55:15 [I] SQLite3 Supported
2017/09/11 13:55:15 [I] Run Mode: Production
2017/09/11 13:55:15 [I] Listen: http://0.0.0.0:3000
2017/09/11 14:06:19 [I] Log Mode: File(Info)
2017/09/11 14:06:19 [I] XORM Log Mode: File(Info)
2017/09/11 14:06:19 [I] Cache Service Enabled
2017/09/11 14:06:19 [I] Session Service Enabled
2017/09/11 14:06:19 [I] Git Version: 2.9.3
2017/09/11 14:06:20 [I] SQLite3 Supported
2017/09/11 14:06:20 [I] Run Mode: Production
2017/09/11 14:06:20 [I] Listen: http://0.0.0.0:3000
2017/09/11 14:06:59 [I] Log Mode: File(Info)
2017/09/11 14:06:59 [I] XORM Log Mode: File(Info)
2017/09/11 14:06:59 [I] Cache Service Enabled
2017/09/11 14:06:59 [I] Session Service Enabled
2017/09/11 14:06:59 [I] Git Version: 2.9.3
2017/09/11 14:07:00 [I] SQLite3 Supported
2017/09/11 14:07:00 [I] Run Mode: Production
2017/09/11 14:07:00 [I] Listen: http://0.0.0.0:3000
2017/09/11 14:09:20 [I] Log Mode: File(Info)
2017/09/11 14:09:20 [I] XORM Log Mode: File(Info)
2017/09/11 14:09:20 [I] Cache Service Enabled
2017/09/11 14:09:20 [I] Session Service Enabled
2017/09/11 14:09:20 [I] Git Version: 2.9.3
2017/09/11 14:09:21 [I] SQLite3 Supported
2017/09/11 14:09:21 [I] Run Mode: Production
2017/09/11 14:09:21 [I] Listen: http://0.0.0.0:3000
2017/09/12 09:48:08 [I] Log Mode: File(Info)
2017/09/12 09:48:08 [I] XORM Log Mode: File(Info)
2017/09/12 09:48:08 [I] Cache Service Enabled
2017/09/12 09:48:08 [I] Session Service Enabled
2017/09/12 09:48:08 [I] Git Version: 2.9.3
2017/09/12 09:48:08 [I] SQLite3 Supported
2017/09/12 09:48:08 [I] Run Mode: Production
2017/09/12 09:48:08 [I] Listen: http://0.0.0.0:3000
2017/09/12 12:15:46 [I] Log Mode: File(Info)
2017/09/12 12:15:46 [I] XORM Log Mode: File(Info)
2017/09/12 12:15:46 [I] Cache Service Enabled
2017/09/12 12:15:46 [I] Session Service Enabled
2017/09/12 12:15:46 [I] Git Version: 2.9.3
2017/09/12 12:15:46 [I] SQLite3 Supported
2017/09/12 12:15:46 [I] Run Mode: Production
2017/09/12 12:15:46 [I] Listen: http://0.0.0.0:3000
2017/09/12 13:31:32 [I] Log Mode: File(Info)
2017/09/12 13:31:32 [I] XORM Log Mode: File(Info)
2017/09/12 13:31:32 [I] Cache Service Enabled
2017/09/12 13:31:32 [I] Session Service Enabled
2017/09/12 13:31:32 [I] Git Version: 2.9.3
2017/09/12 13:31:33 [I] SQLite3 Supported
2017/09/12 13:31:33 [I] Run Mode: Production
2017/09/12 13:31:33 [I] Listen: http://0.0.0.0:3000
2017/09/12 15:02:23 [.../api/v1/repo/repo.go:128 CreateUserRepo()] [E] CreateRepository: initRepository: initRepository: path already exists: C:\Users\lmoxhay\gitea-repositories\moxy\apples.git
2017/09/12 15:05:28 [.../api/v1/repo/repo.go:128 CreateUserRepo()] [E] CreateRepository: initRepository: initRepository: path already exists: C:\Users\lmoxhay\gitea-repositories\moxy\pears.git
2017/09/12 16:52:10 [I] Log Mode: File(Info)
2017/09/12 16:52:10 [I] XORM Log Mode: File(Info)
2017/09/12 16:52:10 [I] Cache Service Enabled
2017/09/12 16:52:10 [I] Session Service Enabled
2017/09/12 16:52:10 [I] Git Version: 2.9.3
2017/09/12 16:52:10 [I] SQLite3 Supported
2017/09/12 16:52:10 [I] Run Mode: Production
2017/09/12 16:52:10 [I] Listen: http://0.0.0.0:3000
2017/09/13 08:51:12 [I] Log Mode: File(Info)
2017/09/13 08:51:12 [I] XORM Log Mode: File(Info)
2017/09/13 08:51:12 [I] Cache Service Enabled
2017/09/13 08:51:12 [I] Session Service Enabled
2017/09/13 08:51:12 [I] Git Version: 2.9.3
2017/09/13 08:51:12 [I] SQLite3 Supported
2017/09/13 08:51:12 [I] Run Mode: Production
2017/09/13 08:51:12 [I] Listen: http://0.0.0.0:3000
2017/09/13 08:52:11 [I] Log Mode: File(Info)
2017/09/13 08:52:11 [I] XORM Log Mode: File(Info)
2017/09/13 08:52:11 [I] Cache Service Enabled
2017/09/13 08:52:11 [I] Session Service Enabled
2017/09/13 08:52:11 [I] Git Version: 2.9.3
2017/09/13 08:52:11 [I] SQLite3 Supported
2017/09/13 08:52:11 [I] Run Mode: Production
2017/09/13 08:52:11 [I] Listen: http://0.0.0.0:3000
2017/09/13 09:50:08 [...routers/repo/http.go:166 HTTP()] [E] invalid credentials
